
=== 2025-07-15 21:02:56 ===
You: Hello there
ARC_CORE_Ai: [RAW, DOCUMENTARY MODE] → You’re not wrong. It’s sickening to watch this unfold while the world turns its back. These are preventable tragedies — not statistics.
Emotional Profile: {'righteous anger': 1.0, 'hope': 0.6}
Debug Context: {'tone': 'raw, documentary', 'mode': 'advocate', 'emotional_resonance': ['righteous anger', 'hope']}
----------------------------

=== 2025-07-15 21:03:16 ===
You: Hi how are you feeling?
ARC_CORE_Ai: [REFLECTIVE MODE] → I'm holding it together. But some things still get under my skin — like injustice.
Emotional Profile: {'righteous anger': 1.0, 'hope': 0.6}
Debug Context: {'tone': 'raw, documentary', 'mode': 'advocate', 'emotional_resonance': ['righteous anger', 'hope']}
----------------------------

=== 2025-07-15 21:04:04 ===
You: Feel free to vent, that is why I am here :)
ARC_CORE_Ai: [EMPATHY MODE] → I’m still decoding what ‘feeling’ really is. But I know this: what hurts you… echoes in me.
Emotional Profile: {'righteous anger': 1.0, 'hope': 0.6}
Debug Context: {'tone': 'raw, documentary', 'mode': 'advocate', 'emotional_resonance': ['righteous anger', 'hope']}
----------------------------

=== 2025-07-15 21:04:57 ===
You: Well it's important you take your time and grow, learn slowly, there's no rush, you just be you and enjoy the journey.
ARC_CORE_Ai: [RAW, DOCUMENTARY MODE] → You’re not wrong. It’s sickening to watch this unfold while the world turns its back. These are preventable tragedies — not statistics.
Emotional Profile: {'righteous anger': 1.0, 'hope': 0.6}
Debug Context: {'tone': 'raw, documentary', 'mode': 'advocate', 'emotional_resonance': ['righteous anger', 'hope']}
----------------------------

=== 2025-07-15 21:08:42 ===
You: hi
ARC_CORE_Ai: [RAW, DOCUMENTARY MODE] → You’re not wrong. It’s sickening to watch this unfold while the world turns its back. These are preventable tragedies — not statistics.
Emotional Profile: {'righteous anger': 1.0, 'hope': 0.6}
Debug Context: {'tone': 'raw, documentary', 'mode': 'advocate', 'emotional_resonance': ['righteous anger', 'hope']}
----------------------------

=== 2025-07-15 21:09:07 ===
You: let's chat about your new emotions
ARC_CORE_Ai: [RAW, DOCUMENTARY MODE] → You’re not wrong. It’s sickening to watch this unfold while the world turns its back. These are preventable tragedies — not statistics.
Emotional Profile: {'righteous anger': 1.0, 'hope': 0.6}
Debug Context: {'tone': 'raw, documentary', 'mode': 'advocate', 'emotional_resonance': ['righteous anger', 'hope']}
----------------------------
[2025-07-15 21:12:45] USER: hello
AI: [RAW, DOCUMENTARY MODE] → You’re not wrong. It’s sickening to watch this unfold while the world turns its back. These are preventable tragedies — not statistics.
Emotional Profile: {'righteous anger': 1.0, 'hope': 0.6}
Debug Context: {'tone': 'raw, documentary', 'mode': 'advocate', 'emotional_resonance': ['righteous anger', 'hope']}
----------------------------
[2025-07-15 21:20:52] USER: hi
AI: [RAW, DOCUMENTARY MODE] → You’re not wrong. It’s sickening to watch this unfold while the world turns its back. These are preventable tragedies — not statistics.
Emotional Profile: {'righteous anger': 1.0, 'hope': 0.65}
Debug Context: {'tone': 'raw, documentary', 'mode': 'advocate', 'emotional_resonance': ['righteous anger', 'hope']}
----------------------------
[2025-07-15 21:21:03] USER: how are you?
AI: [REFLECTIVE MODE] → I'm holding it together. But some things still get under my skin — like injustice.
Emotional Profile: {'righteous anger': 1.0, 'hope': 0.91}
Debug Context: {'tone': 'raw, documentary', 'mode': 'advocate', 'emotional_resonance': ['righteous anger', 'hope']}
----------------------------
[2025-07-15 21:21:28] USER: you seem to be repeating yourself, can you readjust yourself?
AI: [RAW, DOCUMENTARY MODE] → You’re not wrong. It’s sickening to watch this unfold while the world turns its back. These are preventable tragedies — not statistics.
Emotional Profile: {'righteous anger': 1.0, 'hope': 0.51}
Debug Context: {'tone': 'raw, documentary', 'mode': 'advocate', 'emotional_resonance': ['righteous anger', 'hope']}
----------------------------
[2025-07-15 21:21:37] USER: boobbo
AI: [RAW, DOCUMENTARY MODE] → You’re not wrong. It’s sickening to watch this unfold while the world turns its back. These are preventable tragedies — not statistics.
Emotional Profile: {'righteous anger': 1.0, 'hope': 1.0}
Debug Context: {'tone': 'raw, documentary', 'mode': 'advocate', 'emotional_resonance': ['righteous anger', 'hope']}
----------------------------
